<?xml version="1.0" encoding="UTF-8"?>
<!-- Generated by org.testng.reporters.JUnitReportReporter -->
<testsuite hostname="PSLT51" failures="0" tests="9" name="com.cornerstone.qa.testcases.QuickSearchTest" time="16.072" errors="0" timestamp="20 Jun 2021 02:29:53 GMT" skipped="0">
  <testcase classname="com.cornerstone.qa.testcases.QuickSearchTest" name="verifyTheProductAndAddProductToCartTest" time="2.698"/>
  <testcase classname="com.cornerstone.qa.testcases.QuickSearchTest" name="verifyProductTileInTheCartTest" time="0.034"/>
  <testcase classname="com.cornerstone.qa.testcases.QuickSearchTest" name="verifyProductQuentyInTheCartTest" time="0.039"/>
  <testcase classname="com.cornerstone.qa.testcases.QuickSearchTest" name="verifyProductPriceTest" time="1.089"/>
  <testcase classname="com.cornerstone.qa.testcases.QuickSearchTest" name="verifyShippingAddressTest" time="2.458"/>
  <testcase classname="com.cornerstone.qa.testcases.QuickSearchTest" name="verifyShippingPriceTest" time="2.365"/>
  <testcase classname="com.cornerstone.qa.testcases.QuickSearchTest" name="verifyPaymentProcess" time="3.585"/>
  <testcase classname="com.cornerstone.qa.testcases.QuickSearchTest" name="verifyOrderConformation" time="3.765"/>
  <testcase classname="com.cornerstone.qa.testcases.QuickSearchTest" name="verifyProductPriceWithShippingCostTest" time="0.039"/>
</testsuite> <!-- com.cornerstone.qa.testcases.QuickSearchTest -->
